#
# A fatal error has been detected by the Java Runtime Environment:
#
#  EXCEPTION_ACCESS_VIOLATION (0xc0000005) at pc=0x000000005f2241e3, pid=4052, tid=4604
#
# JRE version: Java(TM) SE Runtime Environment (8.0_45-b15) (build 1.8.0_45-b15)
# Java VM: Java HotSpot(TM) 64-Bit Server VM (25.45-b02 mixed mode windows-amd64 compressed oops)
# Problematic frame:
# V  [jvm.dll+0x4241e3]
#
# Failed to write core dump. Minidumps are not enabled by default on client versions of Windows
#
# If you would like to submit a bug report, please visit:
#   http://bugreport.java.com/bugreport/crash.jsp
#

---------------  T H R E A D  ---------------

Current thread (0x00000000566b6800):  JavaThread "C1 CompilerThread2" daemon [_thread_in_native, id=4604, stack(0x0000000056ab0000,0x0000000056bb0000)]

siginfo: ExceptionCode=0xc0000005, reading address 0x000000004ebaecf8

Registers:
RAX=0x000000005768c310, RBX=0x00000000576a7f70, RCX=0xfffffffffdffffff, RDX=0x0000000000000008
RSP=0x0000000056baeb40, RBP=0x0000000000000000, RSI=0x00000000006ed40b, RDI=0x0000000056baec60
R8 =0x0000000000000004, R9 =0x00000000ffffffff, R10=0x0000000000000001, R11=0x000000005768c318
R12=0x00000000576a93c0, R13=0x0000000000000000, R14=0x0000000056baecb0, R15=0x00000000ffffffff
RIP=0x000000005f2241e3, EFLAGS=0x0000000000010286

Top of Stack: (sp=0x0000000056baeb40)
0x0000000056baeb40:   0000000056a99ad0 00000000006ed40b
0x0000000056baeb50:   00000000006ed40b 00000000575c0b30
0x0000000056baeb60:   0000000000000000 0000000000000026
0x0000000056baeb70:   0000000000000026 0000000000000002
0x0000000056baeb80:   00000000575c0b30 0000000000000026
0x0000000056baeb90:   0000000000000000 000000005f225dda
0x0000000056baeba0:   00000000569b37f0 0000000056baeca0
0x0000000056baebb0:   0000000000000001 0000000056baec60
0x0000000056baebc0:   00000000000000ef 0000000000000000
0x0000000056baebd0:   0000000000000000 0000000000000000
0x0000000056baebe0:   0000000000010000 000000005768c350
0x0000000056baebf0:   00000000000000ef 0000000000000000
0x0000000056baec00:   0000000000000900 0000000000000000
0x0000000056baec10:   0000000000000000 000000005768c370
0x0000000056baec20:   00000000000000ef 000000005680fa38
0x0000000056baec30:   0000000000000000 0000000000000000 

Instructions: (pc=0x000000005f2241e3)
0x000000005f2241c3:   00 45 0b c8 4d 8b 64 05 00 48 85 db 74 08 44 8b
0x000000005f2241d3:   43 3c 44 8b 4b 40 49 63 4c 24 3c 83 f9 28 7d 18
0x000000005f2241e3:   8b 94 8f 9c 00 00 00 83 fa 01 7f 33 75 0a 41 3b
0x000000005f2241f3:   c8 74 05 41 3b c9 75 27 49 63 4c 24 40 83 f9 ff 


Register to memory mapping:

RAX=0x000000005768c310 is an unknown value
RBX=0x00000000576a7f70 is an unknown value
RCX=0xfffffffffdffffff is an unknown value
RDX=0x0000000000000008 is an unknown value
RSP=0x0000000056baeb40 is pointing into the stack for thread: 0x00000000566b6800
RBP=0x0000000000000000 is an unknown value
RSI=0x00000000006ed40b is an unknown value
RDI=0x0000000056baec60 is pointing into the stack for thread: 0x00000000566b6800
R8 =0x0000000000000004 is an unknown value
R9 =0x00000000ffffffff is an unallocated location in the heap
R10=0x0000000000000001 is an unknown value
R11=0x000000005768c318 is an unknown value
R12=0x00000000576a93c0 is an unknown value
R13=0x0000000000000000 is an unknown value
R14=0x0000000056baecb0 is pointing into the stack for thread: 0x00000000566b6800
R15=0x00000000ffffffff is an unallocated location in the heap


Stack: [0x0000000056ab0000,0x0000000056bb0000],  sp=0x0000000056baeb40,  free space=1018k
Native frames: (J=compiled Java code, j=interpreted, Vv=VM code, C=native code)


Current CompileTask:
C1:    613  603   !   3       com.android.dx.cf.code.BytecodeArray::parseInstruction (2764 bytes)


---------------  P R O C E S S  ---------------

Java Threads: ( => current thread )
  0x000000005694a000 JavaThread "pool-1-thread-4" [_thread_blocked, id=1104, stack(0x0000000058110000,0x0000000058210000)]
  0x0000000056947800 JavaThread "pool-1-thread-3" [_thread_in_Java, id=3792, stack(0x0000000056ce0000,0x0000000056de0000)]
  0x0000000056946800 JavaThread "pool-1-thread-2" [_thread_in_Java, id=5276, stack(0x0000000057f60000,0x0000000058060000)]
  0x000000005698b800 JavaThread "pool-2-thread-1" [_thread_blocked, id=5464, stack(0x0000000057290000,0x0000000057390000)]
  0x000000005691b000 JavaThread "pool-1-thread-1" [_thread_in_Java, id=5952, stack(0x0000000057d80000,0x0000000057e80000)]
  0x000000005673f000 JavaThread "Service Thread" daemon [_thread_blocked, id=3564, stack(0x0000000057180000,0x0000000057280000)]
=>0x00000000566b6800 JavaThread "C1 CompilerThread2" daemon [_thread_in_native, id=4604, stack(0x0000000056ab0000,0x0000000056bb0000)]
  0x00000000566b6000 JavaThread "C2 CompilerThread1" daemon [_thread_in_native, id=5356, stack(0x0000000056f50000,0x0000000057050000)]
  0x00000000566b2800 JavaThread "C2 CompilerThread0" daemon [_thread_in_vm, id=5436, stack(0x0000000056de0000,0x0000000056ee0000)]
  0x0000000055096800 JavaThread "Attach Listener" daemon [_thread_blocked, id=4740, stack(0x0000000056bb0000,0x0000000056cb0000)]
  0x0000000055095800 JavaThread "Signal Dispatcher" daemon [_thread_blocked, id=5480, stack(0x0000000056090000,0x0000000056190000)]
  0x000000005503b800 JavaThread "Finalizer" daemon [_thread_blocked, id=2692, stack(0x00000000565b0000,0x00000000566b0000)]
  0x0000000055034800 JavaThread "Reference Handler" daemon [_thread_blocked, id=4464, stack(0x0000000056420000,0x0000000056520000)]
  0x000000000223f000 JavaThread "main" [_thread_blocked, id=2704, stack(0x00000000023a0000,0x00000000024a0000)]

Other Threads:
  0x000000005502b800 VMThread [stack: 0x0000000056270000,0x0000000056370000] [id=5976]
  0x0000000056741000 WatcherThread [stack: 0x00000000573b0000,0x00000000574b0000] [id=2776]

VM state:not at safepoint (normal execution)

VM Mutex/Monitor currently owned by a thread: None

Heap:
 PSYoungGen      total 56832K, used 21653K [0x00000000eab00000, 0x00000000eea00000, 0x0000000100000000)
  eden space 49152K, 44% used [0x00000000eab00000,0x00000000ec025470,0x00000000edb00000)
  from space 7680K, 0% used [0x00000000ee280000,0x00000000ee280000,0x00000000eea00000)
  to   space 7680K, 0% used [0x00000000edb00000,0x00000000edb00000,0x00000000ee280000)
 ParOldGen       total 130048K, used 0K [0x00000000c0000000, 0x00000000c7f00000, 0x00000000eab00000)
  object space 130048K, 0% used [0x00000000c0000000,0x00000000c0000000,0x00000000c7f00000)
 Metaspace       used 5503K, capacity 6512K, committed 6784K, reserved 1056768K
  class space    used 584K, capacity 616K, committed 640K, reserved 1048576K

Card table byte_map: [0x0000000011b30000,0x0000000011d40000] byte_map_base: 0x0000000011530000

Marking Bits: (ParMarkBitMap*) 0x000000005f604040
 Begin Bits: [0x00000000124a0000, 0x00000000134a0000)
 End Bits:   [0x00000000134a0000, 0x00000000144a0000)

Polling page: 0x0000000000250000

CodeCache: size=245760Kb used=2354Kb max_used=2367Kb free=243405Kb
 bounds [0x0000000002770000, 0x00000000029e0000, 0x0000000011770000]
 total_blobs=887 nmethods=618 adapters=182
 compilation: enabled

Compilation events (10 events):
Event: 0.601 Thread 0x00000000566b2800 nmethod 643 0x00000000029bdc90 code [0x00000000029bdde0, 0x00000000029bdee8]
Event: 0.602 Thread 0x00000000566b2800  644       4       com.android.dx.ssa.NormalSsaInsn::isNormalMoveInsn (20 bytes)
Event: 0.602 Thread 0x00000000566b2800 nmethod 644 0x00000000029bda10 code [0x00000000029bdb40, 0x00000000029bdbb8]
Event: 0.602 Thread 0x00000000566b2800  647       4       com.android.dx.rop.code.RegisterSpec::getCategory (13 bytes)
Event: 0.603 Thread 0x00000000566b2800 nmethod 647 0x00000000029bd710 code [0x00000000029bd860, 0x00000000029bd918]
Event: 0.603 Thread 0x00000000566b2800  645       4       java.util.ArrayList::iterator (10 bytes)
Event: 0.604 Thread 0x00000000566b2800 nmethod 645 0x00000000029bd410 code [0x00000000029bd560, 0x00000000029bd648]
Event: 0.604 Thread 0x00000000566b2800  646       4       java.util.BitSet::get (69 bytes)
Event: 0.605 Thread 0x00000000566b2800 nmethod 646 0x00000000029bd150 code [0x00000000029bd280, 0x00000000029bd338]
Event: 0.609 Thread 0x00000000566b6000 nmethod 641 0x00000000029bea10 code [0x00000000029beba0, 0x00000000029bf4f8]

GC Heap History (0 events):
No events

Deoptimization events (2 events):
Event: 0.386 Thread 0x000000005694a000 Uncommon trap: reason=unstable_if action=reinterpret pc=0x00000000028e0004 method=java.lang.String.compareTo(Ljava/lang/String;)I @ 38
Event: 0.594 Thread 0x000000005691b000 Uncommon trap: reason=unstable_if action=reinterpret pc=0x000000000299a890 method=java.util.HashMap.getNode(ILjava/lang/Object;)Ljava/util/HashMap$Node; @ 129

Internal exceptions (2 events):
Event: 0.036 Thread 0x000000000223f000 Exception <a 'java/lang/NoSuchMethodError': Method sun.misc.Unsafe.defineClass(Ljava/lang/String;[BII)Ljava/lang/Class; name or signature does not match> (0x00000000eab0d848) thrown at [C:\re\workspace\8-2-build-windows-amd64-cygwin\jdk8u45\3627\hotspot\srz ≤Ä:¢?
Event: 0.036 Thread 0x000000000223f000 Exception <a 'java/lang/NoSuchMethodError': Method sun.misc.Unsafe.prefetchRead(Ljava/lang/Object;J)V name or signature does not match> (0x00000000eab0dad8) thrown at [C:\re\workspace\8-2-build-windows-amd64-cygwin\jdk8u45\3627\hotspot\src\share\vm\prims\j

Events (10 events):
Event: 0.579 loading class java/util/HashMap$Values done
Event: 0.579 loading class java/util/HashMap$ValueIterator
Event: 0.579 loading class java/util/HashMap$ValueIterator done
Event: 0.583 loading class com/android/dx/ssa/back/FirstFitLocalCombiningAllocator$Multiset
Event: 0.583 loading class com/android/dx/ssa/back/FirstFitLocalCombiningAllocator$Multiset done
Event: 0.594 Thread 0x000000005691b000 Uncommon trap: trap_request=0xffffff65 fr.pc=0x000000000299a890
Event: 0.594 Thread 0x000000005691b000 DEOPT PACKING pc=0x000000000299a890 sp=0x0000000057e7ea90
Event: 0.594 Thread 0x000000005691b000 DEOPT UNPACKING pc=0x00000000027b582a sp=0x0000000057e7ea08 mode 2
Event: 0.604 loading class com/android/dx/cf/attrib/AttLocalVariableTypeTable
Event: 0.604 loading class com/android/dx/cf/attrib/AttLocalVariableTypeTable done


Dynamic libraries:
0x000000013f370000 - 0x000000013f3a7000 	C:\Program Files\Java\jdk1.8.0_45\bin\java.exe
0x0000000076fc0000 - 0x0000000077169000 	C:\Windows\SYSTEM32\ntdll.dll
0x0000000076da0000 - 0x0000000076ebf000 	C:\Windows\system32\kernel32.dll
0x000007fefce00000 - 0x000007fefce6b000 	C:\Windows\system32\KERNELBASE.dll
0x000007fefd190000 - 0x000007fefd26b000 	C:\Windows\system32\ADVAPI32.dll
0x000007fefeea0000 - 0x000007fefef3f000 	C:\Windows\system32\msvcrt.dll
0x000007fefd4d0000 - 0x000007fefd4ef000 	C:\Windows\SYSTEM32\sechost.dll
0x000007fefefa0000 - 0x000007feff0cd000 	C:\Windows\system32\RPCRT4.dll
0x0000000076ec0000 - 0x0000000076fba000 	C:\Windows\system32\USER32.dll
0x000007feff150000 - 0x000007feff1b7000 	C:\Windows\system32\GDI32.dll
0x000007fefef90000 - 0x000007fefef9e000 	C:\Windows\system32\LPK.dll
0x000007fefd400000 - 0x000007fefd4c9000 	C:\Windows\system32\USP10.dll
0x000007fefb9d0000 - 0x000007fefbbc4000 	C:\Windows\WinSxS\amd64_microsoft.windows.common-controls_6595b64144ccf1df_6.0.7601.17514_none_fa396087175ac9ac\COMCTL32.dll
0x000007feff0d0000 - 0x000007feff141000 	C:\Windows\system32\SHLWAPI.dll
0x000007fefd330000 - 0x000007fefd35e000 	C:\Windows\system32\IMM32.DLL
0x000007feff1c0000 - 0x000007feff2c9000 	C:\Windows\system32\MSCTF.dll
0x0000000074160000 - 0x0000000074232000 	C:\Program Files\Java\jdk1.8.0_45\jre\bin\msvcr100.dll
0x000000005ee00000 - 0x000000005f683000 	C:\Program Files\Java\jdk1.8.0_45\jre\bin\server\jvm.dll
0x000007fef1280000 - 0x000007fef1289000 	C:\Windows\system32\WSOCK32.dll
0x000007fefef40000 - 0x000007fefef8d000 	C:\Windows\system32\WS2_32.dll
0x000007fefdc10000 - 0x000007fefdc18000 	C:\Windows\system32\NSI.dll
0x000007fefad10000 - 0x000007fefad4b000 	C:\Windows\system32\WINMM.dll
0x000007fefbec0000 - 0x000007fefbecc000 	C:\Windows\system32\VERSION.dll
0x0000000077190000 - 0x0000000077197000 	C:\Windows\system32\PSAPI.DLL
0x0000000074320000 - 0x000000007432f000 	C:\Program Files\Java\jdk1.8.0_45\jre\bin\verify.dll
0x0000000074110000 - 0x0000000074139000 	C:\Program Files\Java\jdk1.8.0_45\jre\bin\java.dll
0x00000000740f0000 - 0x0000000074106000 	C:\Program Files\Java\jdk1.8.0_45\jre\bin\zip.dll
0x000007fefdc20000 - 0x000007fefe9a8000 	C:\Windows\system32\SHELL32.dll
0x000007fefd750000 - 0x000007fefd953000 	C:\Windows\system32\ole32.dll
0x000007fefcdd0000 - 0x000007fefcddf000 	C:\Windows\system32\profapi.dll
0x000007feeca10000 - 0x000007feecb35000 	C:\Windows\system32\dbghelp.dll

VM Arguments:
jvm_args: -Djava.awt.headless=true -Xmx1024M -Dfile.encoding=windows-1252 -Duser.country=US -Duser.language=en -Duser.variant 
java_command: com.android.dx.command.Main --dex --num-threads=4 --output E:\Project\RecyclerView\app\build\intermediates\pre-dexed\debug\internal_impl-23.4.0_b3f2fef8084135a8ed79db4710dfa48e1637d059.jar E:\Project\RecyclerView\app\build\intermediates\exploded-aar\com.android.support\support-v4\23.4.0\jars\libs\internal_impl-23.4.0.jar
java_class_path (initial): E:\sdk\build-tools\24.0.0-preview\lib\dx.jar
Launcher Type: SUN_STANDARD

Environment Variables:
PATH=C:\ProgramData\Oracle\Java\javapath;C:\Program Files (x86)\Intel\iCLS Client\;C:\Program Files\Intel\iCLS Client\;C:\Windows\system32;C:\Windows;C:\Windows\System32\Wbem;C:\Windows\System32\WindowsPowerShell\v1.0\;C:\Program Files\Intel\Intel(R) Management Engine Components\DAL;C:\Program Files\Intel\Intel(R) Management Engine Components\IPT;C:\Program Files (x86)\Intel\Intel(R) Management Engine Components\DAL;C:\Program Files (x86)\Intel\Intel(R) Management Engine Components\IPT;C:\Program Files (x86)\Microsoft SQL Server\100\Tools\Binn\;C:\Program Files\Microsoft SQL Server\100\Tools\Binn\;C:\Program Files\Microsoft SQL Server\100\DTS\Binn\;C:\Program Files (x86)\Microsoft ASP.NET\ASP.NET Web Pages\v1.0\;C:\Program Files (x86)\Windows Kits\8.1\Windows Performance Toolkit\;C:\Program Files\Microsoft SQL Server\110\Tools\Binn\;C:\Program Files (x86)\Microsoft SQL Server\110\Tools\Binn\;C:\Program Files\Microsoft SQL Server\110\DTS\Binn\;C:\Program Files (x86)\Microsoft SQL Server\110\Tools\Binn\ManagementStudio\;C:\Program Files (x86)\Microsoft SQL Server\110\DTS\Binn\;C:\Program Files\Microsoft\Web Platform Installer\;C:\Program Files (x86)\Skype\Phone\
USERNAME=Tabriz
OS=Windows_NT
PROCESSOR_IDENTIFIER=Intel64 Family 6 Model 60 Stepping 3, GenuineIntel



---------------  S Y S T E M  ---------------

OS: Windows 7 , 64 bit Build 7601 (6.1.7601.18015)

CPU:total 4 (2 cores per cpu, 2 threads per core) family 6 model 60 stepping 3, cmov, cx8, fxsr, mmx, sse, sse2, sse3, ssse3, sse4.1, sse4.2, popcnt, avx, avx2, aes, clmul, erms, lzcnt, ht, tsc, tscinvbit, bmi1, bmi2

Memory: 4k page, physical 12395936k(4642372k free), swap 18403928k(9035448k free)

vm_info: Java HotSpot(TM) 64-Bit Server VM (25.45-b02) for windows-amd64 JRE (1.8.0_45-b15), built on Apr 30 2015 12:40:44 by "java_re" with MS VC++ 10.0 (VS2010)

time: Sun May 15 17:18:32 2016
elapsed time: 0 seconds (0d 0h 0m 0s)

