#
# A fatal error has been detected by the Java Runtime Environment:
#
#  EXCEPTION_ACCESS_VIOLATION (0xc0000005) at pc=0x000000005ee42cf2, pid=3428, tid=556
#
# JRE version: Java(TM) SE Runtime Environment (8.0_45-b15) (build 1.8.0_45-b15)
# Java VM: Java HotSpot(TM) 64-Bit Server VM (25.45-b02 mixed mode windows-amd64 compressed oops)
# Problematic frame:
# V  [jvm.dll+0x42cf2]
#
# Failed to write core dump. Minidumps are not enabled by default on client versions of Windows
#
# If you would like to submit a bug report, please visit:
#   http://bugreport.java.com/bugreport/crash.jsp
#

---------------  T H R E A D  ---------------

Current thread (0x0000000055216800):  JavaThread "C2 CompilerThread0" daemon [_thread_in_vm, id=556, stack(0x0000000056880000,0x0000000056980000)]

siginfo: ExceptionCode=0xc0000005, reading address 0x0000000000000001

Registers:
RAX=0x0000000055216800, RBX=0x0000000000000001, RCX=0x000000000000000b, RDX=0x0000000000000001
RSP=0x000000005697d9b0, RBP=0x0000000056c22730, RSI=0x0000000000000001, RDI=0x0000000000000000
R8 =0x0000000000000001, R9 =0x0000000000000000, R10=0x0000000056c22960, R11=0x0000000057f7b530
R12=0x0000000055216800, R13=0x0000000056c22730, R14=0x00000000569b17f0, R15=0x00000000569b5800
RIP=0x000000005ee42cf2, EFLAGS=0x0000000000010202

Top of Stack: (sp=0x000000005697d9b0)
0x000000005697d9b0:   0000000057f7c2e0 0000000057f7c120
0x000000005697d9c0:   00000000000015f1 000000005ee3d576
0x000000005697d9d0:   00000000551aab90 000000005f012eff
0x000000005697d9e0:   0000000054c716d8 000000005ef2a294
0x000000005697d9f0:   0000000000000070 000000005ee43089
0x000000005697da00:   0000000057f807c0 000000005eeead3b
0x000000005697da10:   0000000000000000 00000000569b5830
0x000000005697da20:   00000000551aab90 00000000569b5820
0x000000005697da30:   0000000000000001 000000005ee3ed60
0x000000005697da40:   00000000569b5830 0000000000000001
0x000000005697da50:   0000000000000018 0000000057f7df40
0x000000005697da60:   00000000569b5830 000000005ee3fcb1
0x000000005697da70:   0000000000000000 0000000057f807c0
0x000000005697da80:   00000000569b5820 0000000054de0268
0x000000005697da90:   00000000fffffffc 00000000582cfe50
0x000000005697daa0:   0000000057f7df40 0000000055216800 

Instructions: (pc=0x000000005ee42cf2)
0x000000005ee42cd2:   e9 8b 0d 3f f9 75 00 48 8b da ff 15 0e d7 58 00
0x000000005ee42ce2:   44 0f b6 05 2a e6 79 00 4c 8b e0 45 84 c0 74 39
0x000000005ee42cf2:   4c 8b 03 48 8b cb 41 ff 50 08 84 c0 74 2b 83 7b
0x000000005ee42d02:   08 00 7e 25 0f b6 83 0e 01 00 00 c0 e8 03 a8 01 


Register to memory mapping:

RAX=0x0000000055216800 is a thread
RBX=0x0000000000000001 is an unknown value
RCX=0x000000000000000b is an unknown value
RDX=0x0000000000000001 is an unknown value
RSP=0x000000005697d9b0 is pointing into the stack for thread: 0x0000000055216800
RBP=0x0000000056c22730 is an unknown value
RSI=0x0000000000000001 is an unknown value
RDI=0x0000000000000000 is an unknown value
R8 =0x0000000000000001 is an unknown value
R9 =0x0000000000000000 is an unknown value
R10=0x0000000056c22960 is an unknown value
R11=0x0000000057f7b530 is an unknown value
R12=0x0000000055216800 is a thread
R13=0x0000000056c22730 is an unknown value
R14=0x00000000569b17f0 is an unknown value
R15=0x00000000569b5800 is an unknown value


Stack: [0x0000000056880000,0x0000000056980000],  sp=0x000000005697d9b0,  free space=1014k
Native frames: (J=compiled Java code, j=interpreted, Vv=VM code, C=native code)
V  [jvm.dll+0x42cf2]
V  [jvm.dll+0x43089]
V  [jvm.dll+0x3ed60]
V  [jvm.dll+0x3fcb1]
V  [jvm.dll+0x3aa41]
V  [jvm.dll+0x4f64e4]
V  [jvm.dll+0x450ff0]
V  [jvm.dll+0x475d31]
V  [jvm.dll+0x4fd2f5]
V  [jvm.dll+0x4f5f17]
V  [jvm.dll+0x4f6299]
V  [jvm.dll+0x4f682f]
V  [jvm.dll+0x450ff0]
V  [jvm.dll+0x46cac5]
V  [jvm.dll+0x4500f2]
V  [jvm.dll+0xa4352]
V  [jvm.dll+0xa4c8f]
V  [jvm.dll+0x241984]
V  [jvm.dll+0x29853a]
C  [msvcr100.dll+0x21d9f]
C  [msvcr100.dll+0x21e3b]
C  [kernel32.dll+0x1652d]
C  [ntdll.dll+0x2c541]


Current CompileTask:
C2:  20822 2469       4       com.android.dx.rop.type.StdTypeList::getWordCount (33 bytes)


---------------  P R O C E S S  ---------------

Java Threads: ( => current thread )
  0x0000000056bfb800 JavaThread "pool-1-thread-4" [_thread_blocked, id=3532, stack(0x0000000057b40000,0x0000000057c40000)]
  0x0000000056c68800 JavaThread "pool-1-thread-3" [_thread_in_Java, id=2080, stack(0x0000000057a20000,0x0000000057b20000)]
  0x0000000056c67800 JavaThread "pool-1-thread-2" [_thread_in_Java, id=4848, stack(0x00000000577d0000,0x00000000578d0000)]
  0x0000000056c63800 JavaThread "pool-2-thread-1" [_thread_blocked, id=5816, stack(0x00000000575c0000,0x00000000576c0000)]
  0x0000000056c63000 JavaThread "pool-1-thread-1" [_thread_blocked, id=3828, stack(0x0000000057370000,0x0000000057470000)]
  0x00000000569df000 JavaThread "Service Thread" daemon [_thread_blocked, id=2732, stack(0x0000000057220000,0x0000000057320000)]
  0x00000000569bc000 JavaThread "C1 CompilerThread2" daemon [_thread_blocked, id=4716, stack(0x0000000056e20000,0x0000000056f20000)]
  0x00000000569a1000 JavaThread "C2 CompilerThread1" daemon [_thread_in_native, id=2092, stack(0x0000000056f60000,0x0000000057060000)]
=>0x0000000055216800 JavaThread "C2 CompilerThread0" daemon [_thread_in_vm, id=556, stack(0x0000000056880000,0x0000000056980000)]
  0x0000000055213800 JavaThread "Attach Listener" daemon [_thread_blocked, id=5780, stack(0x00000000566a0000,0x00000000567a0000)]
  0x0000000055212000 JavaThread "Signal Dispatcher" daemon [_thread_blocked, id=800, stack(0x0000000056310000,0x0000000056410000)]
  0x00000000551b2000 JavaThread "Finalizer" daemon [_thread_blocked, id=4144, stack(0x0000000056110000,0x0000000056210000)]
  0x00000000551b1000 JavaThread "Reference Handler" daemon [_thread_blocked, id=3204, stack(0x00000000564c0000,0x00000000565c0000)]
  0x000000000218f000 JavaThread "main" [_thread_blocked, id=4540, stack(0x0000000002520000,0x0000000002620000)]

Other Threads:
  0x00000000551ab800 VMThread [stack: 0x0000000056210000,0x0000000056310000] [id=888]
  0x00000000569e1000 WatcherThread [stack: 0x00000000570b0000,0x00000000571b0000] [id=2852]

VM state:not at safepoint (normal execution)

VM Mutex/Monitor currently owned by a thread: None

Heap:
 PSYoungGen      total 204288K, used 202493K [0x00000000eab00000, 0x00000000f7a00000, 0x0000000100000000)
  eden space 196608K, 99% used [0x00000000eab00000,0x00000000f69401f0,0x00000000f6b00000)
  from space 7680K, 99% used [0x00000000f7280000,0x00000000f79ff348,0x00000000f7a00000)
  to   space 7680K, 0% used [0x00000000f6b00000,0x00000000f6b00000,0x00000000f7280000)
 ParOldGen       total 130048K, used 36343K [0x00000000c0000000, 0x00000000c7f00000, 0x00000000eab00000)
  object space 130048K, 27% used [0x00000000c0000000,0x00000000c237dd70,0x00000000c7f00000)
 Metaspace       used 6468K, capacity 7256K, committed 7424K, reserved 1056768K
  class space    used 615K, capacity 656K, committed 768K, reserved 1048576K

Card table byte_map: [0x0000000011cb0000,0x0000000011ec0000] byte_map_base: 0x00000000116b0000

Marking Bits: (ParMarkBitMap*) 0x000000005f604040
 Begin Bits: [0x0000000012620000, 0x0000000013620000)
 End Bits:   [0x0000000013620000, 0x0000000014620000)

Polling page: 0x0000000000150000

CodeCache: size=245760Kb used=12204Kb max_used=12204Kb free=233555Kb
 bounds [0x00000000028f0000, 0x00000000034f0000, 0x00000000118f0000]
 total_blobs=2672 nmethods=2402 adapters=182
 compilation: enabled

Compilation events (10 events):
Event: 20.781 Thread 0x0000000055216800 nmethod 2465 0x00000000034ca810 code [0x00000000034ca960, 0x00000000034caa98]
Event: 20.782 Thread 0x00000000569bc000 2467       3       com.android.dx.ssa.back.FirstFitLocalCombiningAllocator::markReserved (13 bytes)
Event: 20.782 Thread 0x00000000569bc000 nmethod 2467 0x00000000034cd150 code [0x00000000034cd2c0, 0x00000000034cd4c8]
Event: 20.782 Thread 0x00000000569bc000 2468       3       java.util.BitSet::set (20 bytes)
Event: 20.782 Thread 0x00000000569bc000 nmethod 2468 0x00000000034ccd10 code [0x00000000034cce80, 0x00000000034cd098]
Event: 20.783 Thread 0x0000000055216800 2469       4       com.android.dx.rop.type.StdTypeList::getWordCount (33 bytes)
Event: 20.784 Thread 0x00000000569bc000 2470       3       com.android.dx.ssa.back.FirstFitLocalCombiningAllocator::fitPlanForRange (250 bytes)
Event: 20.786 Thread 0x00000000569bc000 nmethod 2470 0x00000000034e3150 code [0x00000000034e34c0, 0x00000000034e5558]
Event: 20.786 Thread 0x00000000569bc000 2473   !   3       com.android.dx.cf.code.ExecutionStack::change (116 bytes)
Event: 20.788 Thread 0x00000000569bc000 nmethod 2473 0x00000000034e6c50 code [0x00000000034e6fc0, 0x00000000034e8b98]

GC Heap History (8 events):
Event: 2.581 GC heap before
{Heap before GC invocations=1 (full 0):
 PSYoungGen      total 56832K, used 49152K [0x00000000eab00000, 0x00000000eea00000, 0x0000000100000000)
  eden space 49152K, 100% used [0x00000000eab00000,0x00000000edb00000,0x00000000edb00000)
  from space 7680K, 0% used [0x00000000ee280000,0x00000000ee280000,0x00000000eea00000)
  to   space 7680K, 0% used [0x00000000edb00000,0x00000000edb00000,0x00000000ee280000)
 ParOldGen       total 130048K, used 0K [0x00000000c0000000, 0x00000000c7f00000, 0x00000000eab00000)
  object space 130048K, 0% used [0x00000000c0000000,0x00000000c0000000,0x00000000c7f00000)
 Metaspace       used 6016K, capacity 6960K, committed 7040K, reserved 1056768K
  class space    used 591K, capacity 616K, committed 640K, reserved 1048576K
Event: 2.654 GC heap after
Heap after GC invocations=1 (full 0):
 PSYoungGen      total 56832K, used 6934K [0x00000000eab00000, 0x00000000f1a00000, 0x0000000100000000)
  eden space 49152K, 0% used [0x00000000eab00000,0x00000000eab00000,0x00000000edb00000)
  from space 7680K, 90% used [0x00000000edb00000,0x00000000ee1c5b60,0x00000000ee280000)
  to   space 7680K, 0% used [0x00000000f1280000,0x00000000f1280000,0x00000000f1a00000)
 ParOldGen       total 130048K, used 8K [0x00000000c0000000, 0x00000000c7f00000, 0x00000000eab00000)
  object space 130048K, 0% used [0x00000000c0000000,0x00000000c0002000,0x00000000c7f00000)
 Metaspace       used 6016K, capacity 6960K, committed 7040K, reserved 1056768K
  class space    used 591K, capacity 616K, committed 640K, reserved 1048576K
}
Event: 4.164 GC heap before
{Heap before GC invocations=2 (full 0):
 PSYoungGen      total 56832K, used 56086K [0x00000000eab00000, 0x00000000f1a00000, 0x0000000100000000)
  eden space 49152K, 100% used [0x00000000eab00000,0x00000000edb00000,0x00000000edb00000)
  from space 7680K, 90% used [0x00000000edb00000,0x00000000ee1c5b60,0x00000000ee280000)
  to   space 7680K, 0% used [0x00000000f1280000,0x00000000f1280000,0x00000000f1a00000)
 ParOldGen       total 130048K, used 8K [0x00000000c0000000, 0x00000000c7f00000, 0x00000000eab00000)
  object space 130048K, 0% used [0x00000000c0000000,0x00000000c0002000,0x00000000c7f00000)
 Metaspace       used 6148K, capacity 7088K, committed 7296K, reserved 1056768K
  class space    used 593K, capacity 616K, committed 640K, reserved 1048576K
Event: 4.256 GC heap after
Heap after GC invocations=2 (full 0):
 PSYoungGen      total 105984K, used 7663K [0x00000000eab00000, 0x00000000f1a00000, 0x0000000100000000)
  eden space 98304K, 0% used [0x00000000eab00000,0x00000000eab00000,0x00000000f0b00000)
  from space 7680K, 99% used [0x00000000f1280000,0x00000000f19fbe88,0x00000000f1a00000)
  to   space 7680K, 0% used [0x00000000f0b00000,0x00000000f0b00000,0x00000000f1280000)
 ParOldGen       total 130048K, used 4328K [0x00000000c0000000, 0x00000000c7f00000, 0x00000000eab00000)
  object space 130048K, 3% used [0x00000000c0000000,0x00000000c043a288,0x00000000c7f00000)
 Metaspace       used 6148K, capacity 7088K, committed 7296K, reserved 1056768K
  class space    used 593K, capacity 616K, committed 640K, reserved 1048576K
}
Event: 15.252 GC heap before
{Heap before GC invocations=3 (full 0):
 PSYoungGen      total 105984K, used 105967K [0x00000000eab00000, 0x00000000f1a00000, 0x0000000100000000)
  eden space 98304K, 100% used [0x00000000eab00000,0x00000000f0b00000,0x00000000f0b00000)
  from space 7680K, 99% used [0x00000000f1280000,0x00000000f19fbe88,0x00000000f1a00000)
  to   space 7680K, 0% used [0x00000000f0b00000,0x00000000f0b00000,0x00000000f1280000)
 ParOldGen       total 130048K, used 4328K [0x00000000c0000000, 0x00000000c7f00000, 0x00000000eab00000)
  object space 130048K, 3% used [0x00000000c0000000,0x00000000c043a288,0x00000000c7f00000)
 Metaspace       used 6281K, capacity 7152K, committed 7296K, reserved 1056768K
  class space    used 595K, capacity 616K, committed 640K, reserved 1048576K
Event: 15.692 GC heap after
Heap after GC invocations=3 (full 0):
 PSYoungGen      total 105984K, used 7660K [0x00000000eab00000, 0x00000000f7a00000, 0x0000000100000000)
  eden space 98304K, 0% used [0x00000000eab00000,0x00000000eab00000,0x00000000f0b00000)
  from space 7680K, 99% used [0x00000000f0b00000,0x00000000f127b328,0x00000000f1280000)
  to   space 7680K, 0% used [0x00000000f7280000,0x00000000f7280000,0x00000000f7a00000)
 ParOldGen       total 130048K, used 19689K [0x00000000c0000000, 0x00000000c7f00000, 0x00000000eab00000)
  object space 130048K, 15% used [0x00000000c0000000,0x00000000c133a588,0x00000000c7f00000)
 Metaspace       used 6281K, capacity 7152K, committed 7296K, reserved 1056768K
  class space    used 595K, capacity 616K, committed 640K, reserved 1048576K
}
Event: 20.304 GC heap before
{Heap before GC invocations=4 (full 0):
 PSYoungGen      total 105984K, used 105964K [0x00000000eab00000, 0x00000000f7a00000, 0x0000000100000000)
  eden space 98304K, 100% used [0x00000000eab00000,0x00000000f0b00000,0x00000000f0b00000)
  from space 7680K, 99% used [0x00000000f0b00000,0x00000000f127b328,0x00000000f1280000)
  to   space 7680K, 0% used [0x00000000f7280000,0x00000000f7280000,0x00000000f7a00000)
 ParOldGen       total 130048K, used 19689K [0x00000000c0000000, 0x00000000c7f00000, 0x00000000eab00000)
  object space 130048K, 15% used [0x00000000c0000000,0x00000000c133a588,0x00000000c7f00000)
 Metaspace       used 6440K, capacity 7256K, committed 7424K, reserved 1056768K
  class space    used 615K, capacity 656K, committed 768K, reserved 1048576K
Event: 20.368 GC heap after
Heap after GC invocations=4 (full 0):
 PSYoungGen      total 204288K, used 7676K [0x00000000eab00000, 0x00000000f7a00000, 0x0000000100000000)
  eden space 196608K, 0% used [0x00000000eab00000,0x00000000eab00000,0x00000000f6b00000)
  from space 7680K, 99% used [0x00000000f7280000,0x00000000f79ff348,0x00000000f7a00000)
  to   space 7680K, 0% used [0x00000000f6b00000,0x00000000f6b00000,0x00000000f7280000)
 ParOldGen       total 130048K, used 36343K [0x00000000c0000000, 0x00000000c7f00000, 0x00000000eab00000)
  object space 130048K, 27% used [0x00000000c0000000,0x00000000c237dd70,0x00000000c7f00000)
 Metaspace       used 6440K, capacity 7256K, committed 7424K, reserved 1056768K
  class space    used 615K, capacity 656K, committed 768K, reserved 1048576K
}

Deoptimization events (10 events):
Event: 20.492 Thread 0x0000000056bfb800 Uncommon trap: reason=unstable_if action=reinterpret pc=0x0000000003010300 method=java.util.HashMap.getNode(ILjava/lang/Object;)Ljava/util/HashMap$Node; @ 84
Event: 20.555 Thread 0x0000000056c68800 Uncommon trap: reason=bimorphic action=maybe_recompile pc=0x000000000318c854 method=java.util.HashMap.putVal(ILjava/lang/Object;Ljava/lang/Object;ZZ)Ljava/lang/Object; @ 203
Event: 20.557 Thread 0x0000000056c68800 Uncommon trap: reason=unstable_if action=reinterpret pc=0x0000000002dcf994 method=java.util.HashMap.putVal(ILjava/lang/Object;Ljava/lang/Object;ZZ)Ljava/lang/Object; @ 162
Event: 20.590 Thread 0x0000000056c67800 Uncommon trap: reason=unstable_if action=reinterpret pc=0x000000000318aa68 method=java.util.HashMap.putVal(ILjava/lang/Object;Ljava/lang/Object;ZZ)Ljava/lang/Object; @ 162
Event: 20.631 Thread 0x000000000218f000 Uncommon trap: reason=unstable_if action=reinterpret pc=0x00000000032cd668 method=com.android.dx.cf.direct.StdAttributeFactory.parse0(Lcom/android/dx/cf/direct/DirectClassFile;ILjava/lang/String;IILcom/android/dx/cf/iface/ParseObserver;)Lcom/android/dx/cf/2U/Õ£4@
Event: 20.640 Thread 0x0000000056c63000 Uncommon trap: reason=class_check action=maybe_recompile pc=0x00000000034b05c4 method=com.android.dx.cf.code.BytecodeArray.parseInstruction(ILcom/android/dx/cf/code/BytecodeArray$Visitor;)I @ 1003
Event: 20.640 Thread 0x0000000056c63000 Uncommon trap: reason=class_check action=maybe_recompile pc=0x00000000034b05c4 method=com.android.dx.cf.code.BytecodeArray.parseInstruction(ILcom/android/dx/cf/code/BytecodeArray$Visitor;)I @ 1003
Event: 20.754 Thread 0x0000000056c63000 Uncommon trap: reason=unstable_if action=reinterpret pc=0x000000000300debc method=java.util.HashMap.resize()[Ljava/util/HashMap$Node; @ 206
Event: 20.769 Thread 0x0000000056c63000 Uncommon trap: reason=class_check action=maybe_recompile pc=0x000000000305a3c4 method=com.android.dx.rop.type.StdTypeList.get(I)Lcom/android/dx/rop/type/Type; @ 5
Event: 20.769 Thread 0x0000000056c63000 Uncommon trap: reason=unloaded action=reinterpret pc=0x00000000033b397c method=com.android.dx.cf.code.Ropper.doit()V @ 71

Internal exceptions (8 events):
Event: 0.111 Thread 0x000000000218f000 Exception <a 'java/lang/NoSuchMethodError': Method sun.misc.Unsafe.defineClass(Ljava/lang/String;[BII)Ljava/lang/Class; name or signature does not match> (0x00000000eab0d9c8) thrown at [C:\re\workspace\8-2-build-windows-amd64-cygwin\jdk8u45\3627\hotspot\sr›—ZEnº?
Event: 0.111 Thread 0x000000000218f000 Exception <a 'java/lang/NoSuchMethodError': Method sun.misc.Unsafe.prefetchRead(Ljava/lang/Object;J)V name or signature does not match> (0x00000000eab0dc58) thrown at [C:\re\workspace\8-2-build-windows-amd64-cygwin\jdk8u45\3627\hotspot\src\share\vm\prims\j’Eû&n@
Event: 2.554 Thread 0x0000000056bfb800 Implicit null exception at 0x0000000002c8b092 to 0x0000000002c8b195
Event: 17.877 Thread 0x0000000056c67800 Implicit null exception at 0x0000000003321034 to 0x0000000003325bd5
Event: 18.392 Thread 0x0000000056bfb800 Implicit null exception at 0x0000000002ed9fb8 to 0x0000000002edb8ad
Event: 19.522 Thread 0x0000000056c68800 Exception <a 'java/lang/ArrayIndexOutOfBoundsException': 18> (0x00000000efbd9850) thrown at [C:\re\workspace\8-2-build-windows-amd64-cygwin\jdk8u45\3627\hotspot\src\share\vm\interpreter\interpreterRuntime.cpp, line 366]
Event: 19.522 Thread 0x0000000056c68800 Exception <a 'java/lang/ArrayIndexOutOfBoundsException': 145> (0x00000000efbdb320) thrown at [C:\re\workspace\8-2-build-windows-amd64-cygwin\jdk8u45\3627\hotspot\src\share\vm\interpreter\interpreterRuntime.cpp, line 366]
Event: 19.523 Thread 0x0000000056c68800 Exception <a 'java/lang/ArrayIndexOutOfBoundsException'> (0x00000000efbdc558) thrown at [C:\re\workspace\8-2-build-windows-amd64-cygwin\jdk8u45\3627\hotspot\src\share\vm\runtime\sharedRuntime.cpp, line 605]

Events (10 events):
Event: 20.714 Thread 0x000000000218f000 DEOPT UNPACKING pc=0x000000000293787f sp=0x000000000261e060 mode 0
Event: 20.754 Thread 0x0000000056c63000 Uncommon trap: trap_request=0xffffff65 fr.pc=0x000000000300debc
Event: 20.754 Thread 0x0000000056c63000 DEOPT PACKING pc=0x000000000300debc sp=0x000000005746e8d0
Event: 20.754 Thread 0x0000000056c63000 DEOPT UNPACKING pc=0x000000000293582a sp=0x000000005746e838 mode 2
Event: 20.769 Thread 0x0000000056c63000 Uncommon trap: trap_request=0xffffffde fr.pc=0x000000000305a3c4
Event: 20.769 Thread 0x0000000056c63000 DEOPT PACKING pc=0x000000000305a3c4 sp=0x000000005746e7b0
Event: 20.769 Thread 0x0000000056c63000 DEOPT UNPACKING pc=0x000000000293582a sp=0x000000005746e6d0 mode 2
Event: 20.769 Thread 0x0000000056c63000 Uncommon trap: trap_request=0x00000011 fr.pc=0x00000000033b397c
Event: 20.769 Thread 0x0000000056c63000 DEOPT PACKING pc=0x00000000033b397c sp=0x000000005746eab0
Event: 20.769 Thread 0x0000000056c63000 DEOPT UNPACKING pc=0x000000000293582a sp=0x000000005746eac8 mode 2


Dynamic libraries:
0x000000013f370000 - 0x000000013f3a7000 	C:\Program Files\Java\jdk1.8.0_45\bin\java.exe
0x0000000076fc0000 - 0x0000000077169000 	C:\Windows\SYSTEM32\ntdll.dll
0x0000000076da0000 - 0x0000000076ebf000 	C:\Windows\system32\kernel32.dll
0x000007fefce00000 - 0x000007fefce6b000 	C:\Windows\system32\KERNELBASE.dll
0x000007fefd190000 - 0x000007fefd26b000 	C:\Windows\system32\ADVAPI32.dll
0x000007fefeea0000 - 0x000007fefef3f000 	C:\Windows\system32\msvcrt.dll
0x000007fefd4d0000 - 0x000007fefd4ef000 	C:\Windows\SYSTEM32\sechost.dll
0x000007fefefa0000 - 0x000007feff0cd000 	C:\Windows\system32\RPCRT4.dll
0x0000000076ec0000 - 0x0000000076fba000 	C:\Windows\system32\USER32.dll
0x000007feff150000 - 0x000007feff1b7000 	C:\Windows\system32\GDI32.dll
0x000007fefef90000 - 0x000007fefef9e000 	C:\Windows\system32\LPK.dll
0x000007fefd400000 - 0x000007fefd4c9000 	C:\Windows\system32\USP10.dll
0x000007fefb9d0000 - 0x000007fefbbc4000 	C:\Windows\WinSxS\amd64_microsoft.windows.common-controls_6595b64144ccf1df_6.0.7601.17514_none_fa396087175ac9ac\COMCTL32.dll
0x000007feff0d0000 - 0x000007feff141000 	C:\Windows\system32\SHLWAPI.dll
0x000007fefd330000 - 0x000007fefd35e000 	C:\Windows\system32\IMM32.DLL
0x000007feff1c0000 - 0x000007feff2c9000 	C:\Windows\system32\MSCTF.dll
0x0000000074160000 - 0x0000000074232000 	C:\Program Files\Java\jdk1.8.0_45\jre\bin\msvcr100.dll
0x000000005ee00000 - 0x000000005f683000 	C:\Program Files\Java\jdk1.8.0_45\jre\bin\server\jvm.dll
0x000007fef1280000 - 0x000007fef1289000 	C:\Windows\system32\WSOCK32.dll
0x000007fefef40000 - 0x000007fefef8d000 	C:\Windows\system32\WS2_32.dll
0x000007fefdc10000 - 0x000007fefdc18000 	C:\Windows\system32\NSI.dll
0x000007fefad10000 - 0x000007fefad4b000 	C:\Windows\system32\WINMM.dll
0x000007fefbec0000 - 0x000007fefbecc000 	C:\Windows\system32\VERSION.dll
0x0000000077190000 - 0x0000000077197000 	C:\Windows\system32\PSAPI.DLL
0x0000000074320000 - 0x000000007432f000 	C:\Program Files\Java\jdk1.8.0_45\jre\bin\verify.dll
0x0000000074110000 - 0x0000000074139000 	C:\Program Files\Java\jdk1.8.0_45\jre\bin\java.dll
0x00000000740f0000 - 0x0000000074106000 	C:\Program Files\Java\jdk1.8.0_45\jre\bin\zip.dll
0x000007fefdc20000 - 0x000007fefe9a8000 	C:\Windows\system32\SHELL32.dll
0x000007fefd750000 - 0x000007fefd953000 	C:\Windows\system32\ole32.dll
0x000007fefcdd0000 - 0x000007fefcddf000 	C:\Windows\system32\profapi.dll
0x000007feeca10000 - 0x000007feecb35000 	C:\Windows\system32\dbghelp.dll

VM Arguments:
jvm_args: -Djava.awt.headless=true -Xmx1024M -Dfile.encoding=windows-1252 -Duser.country=US -Duser.language=en -Duser.variant 
java_command: com.android.dx.command.Main --dex --num-threads=4 --output E:\Project\RecyclerView\app\build\intermediates\pre-dexed\debug\com.android.support-support-v4-23.4.0_ad0832e0151c07688ac7a193bfedc105ec77ca84.jar E:\Project\RecyclerView\app\build\intermediates\exploded-aar\com.android.support\support-v4\23.4.0\jars\classes.jar
java_class_path (initial): E:\sdk\build-tools\24.0.0-preview\lib\dx.jar
Launcher Type: SUN_STANDARD

Environment Variables:
PATH=C:\ProgramData\Oracle\Java\javapath;C:\Program Files (x86)\Intel\iCLS Client\;C:\Program Files\Intel\iCLS Client\;C:\Windows\system32;C:\Windows;C:\Windows\System32\Wbem;C:\Windows\System32\WindowsPowerShell\v1.0\;C:\Program Files\Intel\Intel(R) Management Engine Components\DAL;C:\Program Files\Intel\Intel(R) Management Engine Components\IPT;C:\Program Files (x86)\Intel\Intel(R) Management Engine Components\DAL;C:\Program Files (x86)\Intel\Intel(R) Management Engine Components\IPT;C:\Program Files (x86)\Microsoft SQL Server\100\Tools\Binn\;C:\Program Files\Microsoft SQL Server\100\Tools\Binn\;C:\Program Files\Microsoft SQL Server\100\DTS\Binn\;C:\Program Files (x86)\Microsoft ASP.NET\ASP.NET Web Pages\v1.0\;C:\Program Files (x86)\Windows Kits\8.1\Windows Performance Toolkit\;C:\Program Files\Microsoft SQL Server\110\Tools\Binn\;C:\Program Files (x86)\Microsoft SQL Server\110\Tools\Binn\;C:\Program Files\Microsoft SQL Server\110\DTS\Binn\;C:\Program Files (x86)\Microsoft SQL Server\110\Tools\Binn\ManagementStudio\;C:\Program Files (x86)\Microsoft SQL Server\110\DTS\Binn\;C:\Program Files\Microsoft\Web Platform Installer\;C:\Program Files (x86)\Skype\Phone\
USERNAME=Tabriz
OS=Windows_NT
PROCESSOR_IDENTIFIER=Intel64 Family 6 Model 60 Stepping 3, GenuineIntel



---------------  S Y S T E M  ---------------

OS: Windows 7 , 64 bit Build 7601 (6.1.7601.18015)

CPU:total 4 (2 cores per cpu, 2 threads per core) family 6 model 60 stepping 3, cmov, cx8, fxsr, mmx, sse, sse2, sse3, ssse3, sse4.1, sse4.2, popcnt, avx, avx2, aes, clmul, erms, lzcnt, ht, tsc, tscinvbit, bmi1, bmi2

Memory: 4k page, physical 12395936k(4472216k free), swap 18403928k(9661304k free)

vm_info: Java HotSpot(TM) 64-Bit Server VM (25.45-b02) for windows-amd64 JRE (1.8.0_45-b15), built on Apr 30 2015 12:40:44 by "java_re" with MS VC++ 10.0 (VS2010)

time: Sun May 15 17:19:31 2016
elapsed time: 20 seconds (0d 0h 0m 20s)

